<?xml version="1.0" encoding="UTF-8"?>
<testsuite name="TestSuite" time="24.642" tests="16" errors="0" skipped="13" failures="3">
  <properties>
[...]
</properties>
  <testcase name="configureBeforeClass" classname="com.konexPos.customersTest.AddCustomertest" time="7.51">
    <failure message="session not created: This version of ChromeDriver only supports Chrome version 91&#10;Current browser version is 95.0.4638.54 with binary path C:\Program Files\Google\Chrome\Application\chrome.exe&#10;Build info: version: &apos;3.141.59&apos;, revision: &apos;e82be7d358&apos;, time: &apos;2018-11-14T08:17:03&apos;&#10;System info: host: &apos;DESKTOP-7H8BUQL&apos;, ip: &apos;192.168.43.95&apos;, os.name: &apos;Windows 10&apos;, os.arch: &apos;amd64&apos;, os.version: &apos;10.0&apos;, java.version: &apos;1.8.0_261&apos;&#10;Driver info: driver.version: ChromeDriver&#10;remote stacktrace: Backtrace:&#10;	Ordinal0 [0x00382DB3+2502067]&#10;	Ordinal0 [0x0031C5B1+2082225]&#10;	Ordinal0 [0x00222498+1057944]&#10;	Ordinal0 [0x002405DA+1181146]&#10;	Ordinal0 [0x0023C43C+1164348]&#10;	Ordinal0 [0x00239C73+1154163]&#10;	Ordinal0 [0x00269A22+1350178]&#10;	Ordinal0 [0x0026967A+1349242]&#10;	Ordinal0 [0x00265BEB+1334251]&#10;	Ordinal0 [0x00242174+1188212]&#10;	Ordinal0 [0x00243009+1191945]&#10;	GetHandleVerifier [0x004FEC5C+1511084]&#10;	GetHandleVerifier [0x005A8522+2205554]&#10;	GetHandleVerifier [0x00403393+480739]&#10;	GetHandleVerifier [0x00402579+477129]&#10;	Ordinal0 [0x00321E5D+2104925]&#10;	Ordinal0 [0x003263F8+2122744]&#10;	Ordinal0 [0x00326537+2123063]&#10;	Ordinal0 [0x0032EE53+2158163]&#10;	BaseThreadInitThunk [0x7601FA29+25]&#10;	RtlGetAppContainerNamedObjectPath [0x77127A9E+286]&#10;	RtlGetAppContainerNamedObjectPath [0x77127A6E+238]&#10;" type="org.openqa.selenium.SessionNotCreatedException"><![CDATA[org.openqa.selenium.SessionNotCreatedException: session not created: This version of ChromeDriver only supports Chrome version 91
Current browser version is 95.0.4638.54 with binary path C:\Program Files\Google\Chrome\Application\chrome.exe
Build info: version: '3.141.59', revision: 'e82be7d358', time: '2018-11-14T08:17:03'
System info: host: 'DESKTOP-7H8BUQL', ip: '192.168.43.95', os.name: 'Windows 10', os.arch: 'amd64', os.version: '10.0', java.version: '1.8.0_261'
Driver info: driver.version: ChromeDriver
remote stacktrace: Backtrace:
	Ordinal0 [0x00382DB3+2502067]
	Ordinal0 [0x0031C5B1+2082225]
	Ordinal0 [0x00222498+1057944]
	Ordinal0 [0x002405DA+1181146]
	Ordinal0 [0x0023C43C+1164348]
	Ordinal0 [0x00239C73+1154163]
	Ordinal0 [0x00269A22+1350178]
	Ordinal0 [0x0026967A+1349242]
	Ordinal0 [0x00265BEB+1334251]
	Ordinal0 [0x00242174+1188212]
	Ordinal0 [0x00243009+1191945]
	GetHandleVerifier [0x004FEC5C+1511084]
	GetHandleVerifier [0x005A8522+2205554]
	GetHandleVerifier [0x00403393+480739]
	GetHandleVerifier [0x00402579+477129]
	Ordinal0 [0x00321E5D+2104925]
	Ordinal0 [0x003263F8+2122744]
	Ordinal0 [0x00326537+2123063]
	Ordinal0 [0x0032EE53+2158163]
	BaseThreadInitThunk [0x7601FA29+25]
	RtlGetAppContainerNamedObjectPath [0x77127A9E+286]
	RtlGetAppContainerNamedObjectPath [0x77127A6E+238]

	at sun.reflect.NativeConstructorAccessorImpl.newInstance0(Native Method)
	at sun.reflect.NativeConstructorAccessorImpl.newInstance(NativeConstructorAccessorImpl.java:62)
	at sun.reflect.DelegatingConstructorAccessorImpl.newInstance(DelegatingConstructorAccessorImpl.java:45)
	at java.lang.reflect.Constructor.newInstance(Constructor.java:423)
	at org.openqa.selenium.remote.W3CHandshakeResponse.lambda$errorHandler$0(W3CHandshakeResponse.java:62)
	at org.openqa.selenium.remote.HandshakeResponse.lambda$getResponseFunction$0(HandshakeResponse.java:30)
	at org.openqa.selenium.remote.ProtocolHandshake.lambda$createSession$0(ProtocolHandshake.java:126)
	at java.util.stream.ReferencePipeline$3$1.accept(ReferencePipeline.java:193)
	at java.util.Spliterators$ArraySpliterator.tryAdvance(Spliterators.java:958)
	at java.util.stream.ReferencePipeline.forEachWithCancel(ReferencePipeline.java:126)
	at java.util.stream.AbstractPipeline.copyIntoWithCancel(AbstractPipeline.java:499)
	at java.util.stream.AbstractPipeline.copyInto(AbstractPipeline.java:486)
	at java.util.stream.AbstractPipeline.wrapAndCopyInto(AbstractPipeline.java:472)
	at java.util.stream.FindOps$FindOp.evaluateSequential(FindOps.java:152)
	at java.util.stream.AbstractPipeline.evaluate(AbstractPipeline.java:234)
	at java.util.stream.ReferencePipeline.findFirst(ReferencePipeline.java:464)
	at org.openqa.selenium.remote.ProtocolHandshake.createSession(ProtocolHandshake.java:128)
	at org.openqa.selenium.remote.ProtocolHandshake.createSession(ProtocolHandshake.java:74)
	at org.openqa.selenium.remote.HttpCommandExecutor.execute(HttpCommandExecutor.java:136)
	at org.openqa.selenium.remote.service.DriverCommandExecutor.execute(DriverCommandExecutor.java:83)
	at org.openqa.selenium.remote.RemoteWebDriver.execute(RemoteWebDriver.java:552)
	at org.openqa.selenium.remote.RemoteWebDriver.startSession(RemoteWebDriver.java:213)
	at org.openqa.selenium.remote.RemoteWebDriver.<init>(RemoteWebDriver.java:131)
	at org.openqa.selenium.chrome.ChromeDriver.<init>(ChromeDriver.java:181)
	at org.openqa.selenium.chrome.ChromeDriver.<init>(ChromeDriver.java:168)
	at org.openqa.selenium.chrome.ChromeDriver.<init>(ChromeDriver.java:157)
	at com.konex.commonUtils.BaseClass.configureBeforeClass(BaseClass.java:77)
	at sun.reflect.NativeMethodAccessorImpl.invoke0(Native Method)
	at sun.reflect.NativeMethodAccessorImpl.invoke(NativeMethodAccessorImpl.java:62)
	at sun.reflect.DelegatingMethodAccessorImpl.invoke(DelegatingMethodAccessorImpl.java:43)
	at java.lang.reflect.Method.invoke(Method.java:498)
	at org.testng.internal.MethodInvocationHelper.invokeMethod(MethodInvocationHelper.java:124)
	at org.testng.internal.MethodInvocationHelper.invokeMethodConsideringTimeout(MethodInvocationHelper.java:59)
	at org.testng.internal.Invoker.invokeConfigurationMethod(Invoker.java:458)
	at org.testng.internal.Invoker.invokeConfigurations(Invoker.java:222)
	at org.testng.internal.Invoker.invokeConfigurations(Invoker.java:142)
	at org.testng.internal.TestMethodWorker.invokeBeforeClassMethods(TestMethodWorker.java:168)
	at org.testng.internal.TestMethodWorker.run(TestMethodWorker.java:105)
	at java.util.concurrent.ThreadPoolExecutor.runWorker(ThreadPoolExecutor.java:1149)
	at java.util.concurrent.ThreadPoolExecutor$Worker.run(ThreadPoolExecutor.java:624)
	at java.lang.Thread.run(Thread.java:748)
]]></failure>
    <system-out><![CDATA[[TestNGContentHandler] [WARN] It is strongly recommended to add "<!DOCTYPE suite SYSTEM "http://testng.org/testng-1.0.dtd" >" at the top of your file, otherwise TestNG may fail or not work as expected.
========= connect to db ===========
==============Launching Browser=================================Launching Browser=================================Launching Browser===================]]></system-out>
    <system-err><![CDATA[Starting ChromeDriver 91.0.4472.19 (1bf021f248676a0b2ab3ee0561d83a59e424c23e-refs/branch-heads/4472@{#288}) on port 6507
Only local connections are allowed.
Please see https://chromedriver.chromium.org/security-considerations for suggestions on keeping ChromeDriver safe.
Starting ChromeDriver 91.0.4472.19 (1bf021f248676a0b2ab3ee0561d83a59e424c23e-refs/branch-heads/4472@{#288}) on port 24021
Only local connections are allowed.
Please see https://chromedriver.chromium.org/security-considerations for suggestions on keeping ChromeDriver safe.
Starting ChromeDriver 91.0.4472.19 (1bf021f248676a0b2ab3ee0561d83a59e424c23e-refs/branch-heads/4472@{#288}) on port 16605
Only local connections are allowed.
Please see https://chromedriver.chromium.org/security-considerations for suggestions on keeping ChromeDriver safe.
ChromeDriver was started successfully.
ChromeDriver was started successfully.
ChromeDriver was started successfully.
[1[1635490869.182][WARNING]: Deprecated chrome option is ignored: useAutomati635490869.182][WARNING]: Deprecated chrome option is ignored: useAutomationExtension
onExtension
[1635490869.182][WARNING]: Deprecated chrome option is ignored: useAutomationExtension
[1635490869.183][WARNING]: Deprecated chrome option is ignored: useAutomationExtension
[1635490869.183][WARNING]: Deprecated chrome option is ignored: useAutomationExtension
[1635490869.191][WARNING]: Deprecated chrome option is ignored: useAutomationExtension
]]></system-err>
  </testcase>
  <testcase name="configureBeforeMethod" classname="com.konexPos.customersTest.AddCustomertest" time="0">
    <skipped/>
  </testcase>
  <testcase name="createCustomer" classname="com.konexPos.customersTest.AddCustomertest" time="0">
    <skipped/>
  </testcase>
  <testcase name="ConfigureAfterMethod" classname="com.konexPos.customersTest.AddCustomertest" time="0">
    <skipped/>
  </testcase>
  <testcase name="configAfterClass" classname="com.konexPos.customersTest.AddCustomertest" time="0">
    <skipped/>
  </testcase>
  <testcase name="configureBeforeClass" classname="com.konexPos.customersTest.OrderPlaceAtPosScreentest" time="7.588">
    <failure message="session not created: This version of ChromeDriver only supports Chrome version 91&#10;Current browser version is 95.0.4638.54 with binary path C:\Program Files\Google\Chrome\Application\chrome.exe&#10;Build info: version: &apos;3.141.59&apos;, revision: &apos;e82be7d358&apos;, time: &apos;2018-11-14T08:17:03&apos;&#10;System info: host: &apos;DESKTOP-7H8BUQL&apos;, ip: &apos;192.168.43.95&apos;, os.name: &apos;Windows 10&apos;, os.arch: &apos;amd64&apos;, os.version: &apos;10.0&apos;, java.version: &apos;1.8.0_261&apos;&#10;Driver info: driver.version: ChromeDriver&#10;remote stacktrace: Backtrace:&#10;	Ordinal0 [0x00382DB3+2502067]&#10;	Ordinal0 [0x0031C5B1+2082225]&#10;	Ordinal0 [0x00222498+1057944]&#10;	Ordinal0 [0x002405DA+1181146]&#10;	Ordinal0 [0x0023C43C+1164348]&#10;	Ordinal0 [0x00239C73+1154163]&#10;	Ordinal0 [0x00269A22+1350178]&#10;	Ordinal0 [0x0026967A+1349242]&#10;	Ordinal0 [0x00265BEB+1334251]&#10;	Ordinal0 [0x00242174+1188212]&#10;	Ordinal0 [0x00243009+1191945]&#10;	GetHandleVerifier [0x004FEC5C+1511084]&#10;	GetHandleVerifier [0x005A8522+2205554]&#10;	GetHandleVerifier [0x00403393+480739]&#10;	GetHandleVerifier [0x00402579+477129]&#10;	Ordinal0 [0x00321E5D+2104925]&#10;	Ordinal0 [0x003263F8+2122744]&#10;	Ordinal0 [0x00326537+2123063]&#10;	Ordinal0 [0x0032EE53+2158163]&#10;	BaseThreadInitThunk [0x7601FA29+25]&#10;	RtlGetAppContainerNamedObjectPath [0x77127A9E+286]&#10;	RtlGetAppContainerNamedObjectPath [0x77127A6E+238]&#10;" type="org.openqa.selenium.SessionNotCreatedException"><![CDATA[org.openqa.selenium.SessionNotCreatedException: session not created: This version of ChromeDriver only supports Chrome version 91
Current browser version is 95.0.4638.54 with binary path C:\Program Files\Google\Chrome\Application\chrome.exe
Build info: version: '3.141.59', revision: 'e82be7d358', time: '2018-11-14T08:17:03'
System info: host: 'DESKTOP-7H8BUQL', ip: '192.168.43.95', os.name: 'Windows 10', os.arch: 'amd64', os.version: '10.0', java.version: '1.8.0_261'
Driver info: driver.version: ChromeDriver
remote stacktrace: Backtrace:
	Ordinal0 [0x00382DB3+2502067]
	Ordinal0 [0x0031C5B1+2082225]
	Ordinal0 [0x00222498+1057944]
	Ordinal0 [0x002405DA+1181146]
	Ordinal0 [0x0023C43C+1164348]
	Ordinal0 [0x00239C73+1154163]
	Ordinal0 [0x00269A22+1350178]
	Ordinal0 [0x0026967A+1349242]
	Ordinal0 [0x00265BEB+1334251]
	Ordinal0 [0x00242174+1188212]
	Ordinal0 [0x00243009+1191945]
	GetHandleVerifier [0x004FEC5C+1511084]
	GetHandleVerifier [0x005A8522+2205554]
	GetHandleVerifier [0x00403393+480739]
	GetHandleVerifier [0x00402579+477129]
	Ordinal0 [0x00321E5D+2104925]
	Ordinal0 [0x003263F8+2122744]
	Ordinal0 [0x00326537+2123063]
	Ordinal0 [0x0032EE53+2158163]
	BaseThreadInitThunk [0x7601FA29+25]
	RtlGetAppContainerNamedObjectPath [0x77127A9E+286]
	RtlGetAppContainerNamedObjectPath [0x77127A6E+238]

	at sun.reflect.NativeConstructorAccessorImpl.newInstance0(Native Method)
	at sun.reflect.NativeConstructorAccessorImpl.newInstance(NativeConstructorAccessorImpl.java:62)
	at sun.reflect.DelegatingConstructorAccessorImpl.newInstance(DelegatingConstructorAccessorImpl.java:45)
	at java.lang.reflect.Constructor.newInstance(Constructor.java:423)
	at org.openqa.selenium.remote.W3CHandshakeResponse.lambda$errorHandler$0(W3CHandshakeResponse.java:62)
	at org.openqa.selenium.remote.HandshakeResponse.lambda$getResponseFunction$0(HandshakeResponse.java:30)
	at org.openqa.selenium.remote.ProtocolHandshake.lambda$createSession$0(ProtocolHandshake.java:126)
	at java.util.stream.ReferencePipeline$3$1.accept(ReferencePipeline.java:193)
	at java.util.Spliterators$ArraySpliterator.tryAdvance(Spliterators.java:958)
	at java.util.stream.ReferencePipeline.forEachWithCancel(ReferencePipeline.java:126)
	at java.util.stream.AbstractPipeline.copyIntoWithCancel(AbstractPipeline.java:499)
	at java.util.stream.AbstractPipeline.copyInto(AbstractPipeline.java:486)
	at java.util.stream.AbstractPipeline.wrapAndCopyInto(AbstractPipeline.java:472)
	at java.util.stream.FindOps$FindOp.evaluateSequential(FindOps.java:152)
	at java.util.stream.AbstractPipeline.evaluate(AbstractPipeline.java:234)
	at java.util.stream.ReferencePipeline.findFirst(ReferencePipeline.java:464)
	at org.openqa.selenium.remote.ProtocolHandshake.createSession(ProtocolHandshake.java:128)
	at org.openqa.selenium.remote.ProtocolHandshake.createSession(ProtocolHandshake.java:74)
	at org.openqa.selenium.remote.HttpCommandExecutor.execute(HttpCommandExecutor.java:136)
	at org.openqa.selenium.remote.service.DriverCommandExecutor.execute(DriverCommandExecutor.java:83)
	at org.openqa.selenium.remote.RemoteWebDriver.execute(RemoteWebDriver.java:552)
	at org.openqa.selenium.remote.RemoteWebDriver.startSession(RemoteWebDriver.java:213)
	at org.openqa.selenium.remote.RemoteWebDriver.<init>(RemoteWebDriver.java:131)
	at org.openqa.selenium.chrome.ChromeDriver.<init>(ChromeDriver.java:181)
	at org.openqa.selenium.chrome.ChromeDriver.<init>(ChromeDriver.java:168)
	at org.openqa.selenium.chrome.ChromeDriver.<init>(ChromeDriver.java:157)
	at com.konex.commonUtils.BaseClass.configureBeforeClass(BaseClass.java:77)
	at sun.reflect.NativeMethodAccessorImpl.invoke0(Native Method)
	at sun.reflect.NativeMethodAccessorImpl.invoke(NativeMethodAccessorImpl.java:62)
	at sun.reflect.DelegatingMethodAccessorImpl.invoke(DelegatingMethodAccessorImpl.java:43)
	at java.lang.reflect.Method.invoke(Method.java:498)
	at org.testng.internal.MethodInvocationHelper.invokeMethod(MethodInvocationHelper.java:124)
	at org.testng.internal.MethodInvocationHelper.invokeMethodConsideringTimeout(MethodInvocationHelper.java:59)
	at org.testng.internal.Invoker.invokeConfigurationMethod(Invoker.java:458)
	at org.testng.internal.Invoker.invokeConfigurations(Invoker.java:222)
	at org.testng.internal.Invoker.invokeConfigurations(Invoker.java:142)
	at org.testng.internal.TestMethodWorker.invokeBeforeClassMethods(TestMethodWorker.java:168)
	at org.testng.internal.TestMethodWorker.run(TestMethodWorker.java:105)
	at java.util.concurrent.ThreadPoolExecutor.runWorker(ThreadPoolExecutor.java:1149)
	at java.util.concurrent.ThreadPoolExecutor$Worker.run(ThreadPoolExecutor.java:624)
	at java.lang.Thread.run(Thread.java:748)
]]></failure>
  </testcase>
  <testcase name="configureBeforeMethod" classname="com.konexPos.customersTest.OrderPlaceAtPosScreentest" time="0">
    <skipped/>
  </testcase>
  <testcase name="addCustomer" classname="com.konexPos.customersTest.OrderPlaceAtPosScreentest" time="0">
    <skipped/>
  </testcase>
  <testcase name="ConfigureAfterMethod" classname="com.konexPos.customersTest.OrderPlaceAtPosScreentest" time="0">
    <skipped/>
  </testcase>
  <testcase name="verifyOrderPlaced" classname="com.konexPos.customersTest.OrderPlaceAtPosScreentest" time="0">
    <skipped/>
  </testcase>
  <testcase name="configAfterClass" classname="com.konexPos.customersTest.OrderPlaceAtPosScreentest" time="0">
    <skipped/>
  </testcase>
  <testcase name="configureBeforeClass" classname="com.konexPos.customersTest.BarCodeScantest" time="9.544">
    <failure message="session not created: This version of ChromeDriver only supports Chrome version 91&#10;Current browser version is 95.0.4638.54 with binary path C:\Program Files\Google\Chrome\Application\chrome.exe&#10;Build info: version: &apos;3.141.59&apos;, revision: &apos;e82be7d358&apos;, time: &apos;2018-11-14T08:17:03&apos;&#10;System info: host: &apos;DESKTOP-7H8BUQL&apos;, ip: &apos;192.168.43.95&apos;, os.name: &apos;Windows 10&apos;, os.arch: &apos;amd64&apos;, os.version: &apos;10.0&apos;, java.version: &apos;1.8.0_261&apos;&#10;Driver info: driver.version: ChromeDriver&#10;remote stacktrace: Backtrace:&#10;	Ordinal0 [0x00382DB3+2502067]&#10;	Ordinal0 [0x0031C5B1+2082225]&#10;	Ordinal0 [0x00222498+1057944]&#10;	Ordinal0 [0x002405DA+1181146]&#10;	Ordinal0 [0x0023C43C+1164348]&#10;	Ordinal0 [0x00239C73+1154163]&#10;	Ordinal0 [0x00269A22+1350178]&#10;	Ordinal0 [0x0026967A+1349242]&#10;	Ordinal0 [0x00265BEB+1334251]&#10;	Ordinal0 [0x00242174+1188212]&#10;	Ordinal0 [0x00243009+1191945]&#10;	GetHandleVerifier [0x004FEC5C+1511084]&#10;	GetHandleVerifier [0x005A8522+2205554]&#10;	GetHandleVerifier [0x00403393+480739]&#10;	GetHandleVerifier [0x00402579+477129]&#10;	Ordinal0 [0x00321E5D+2104925]&#10;	Ordinal0 [0x003263F8+2122744]&#10;	Ordinal0 [0x00326537+2123063]&#10;	Ordinal0 [0x0032EE53+2158163]&#10;	BaseThreadInitThunk [0x7601FA29+25]&#10;	RtlGetAppContainerNamedObjectPath [0x77127A9E+286]&#10;	RtlGetAppContainerNamedObjectPath [0x77127A6E+238]&#10;" type="org.openqa.selenium.SessionNotCreatedException"><![CDATA[org.openqa.selenium.SessionNotCreatedException: session not created: This version of ChromeDriver only supports Chrome version 91
Current browser version is 95.0.4638.54 with binary path C:\Program Files\Google\Chrome\Application\chrome.exe
Build info: version: '3.141.59', revision: 'e82be7d358', time: '2018-11-14T08:17:03'
System info: host: 'DESKTOP-7H8BUQL', ip: '192.168.43.95', os.name: 'Windows 10', os.arch: 'amd64', os.version: '10.0', java.version: '1.8.0_261'
Driver info: driver.version: ChromeDriver
remote stacktrace: Backtrace:
	Ordinal0 [0x00382DB3+2502067]
	Ordinal0 [0x0031C5B1+2082225]
	Ordinal0 [0x00222498+1057944]
	Ordinal0 [0x002405DA+1181146]
	Ordinal0 [0x0023C43C+1164348]
	Ordinal0 [0x00239C73+1154163]
	Ordinal0 [0x00269A22+1350178]
	Ordinal0 [0x0026967A+1349242]
	Ordinal0 [0x00265BEB+1334251]
	Ordinal0 [0x00242174+1188212]
	Ordinal0 [0x00243009+1191945]
	GetHandleVerifier [0x004FEC5C+1511084]
	GetHandleVerifier [0x005A8522+2205554]
	GetHandleVerifier [0x00403393+480739]
	GetHandleVerifier [0x00402579+477129]
	Ordinal0 [0x00321E5D+2104925]
	Ordinal0 [0x003263F8+2122744]
	Ordinal0 [0x00326537+2123063]
	Ordinal0 [0x0032EE53+2158163]
	BaseThreadInitThunk [0x7601FA29+25]
	RtlGetAppContainerNamedObjectPath [0x77127A9E+286]
	RtlGetAppContainerNamedObjectPath [0x77127A6E+238]

	at sun.reflect.NativeConstructorAccessorImpl.newInstance0(Native Method)
	at sun.reflect.NativeConstructorAccessorImpl.newInstance(NativeConstructorAccessorImpl.java:62)
	at sun.reflect.DelegatingConstructorAccessorImpl.newInstance(DelegatingConstructorAccessorImpl.java:45)
	at java.lang.reflect.Constructor.newInstance(Constructor.java:423)
	at org.openqa.selenium.remote.W3CHandshakeResponse.lambda$errorHandler$0(W3CHandshakeResponse.java:62)
	at org.openqa.selenium.remote.HandshakeResponse.lambda$getResponseFunction$0(HandshakeResponse.java:30)
	at org.openqa.selenium.remote.ProtocolHandshake.lambda$createSession$0(ProtocolHandshake.java:126)
	at java.util.stream.ReferencePipeline$3$1.accept(ReferencePipeline.java:193)
	at java.util.Spliterators$ArraySpliterator.tryAdvance(Spliterators.java:958)
	at java.util.stream.ReferencePipeline.forEachWithCancel(ReferencePipeline.java:126)
	at java.util.stream.AbstractPipeline.copyIntoWithCancel(AbstractPipeline.java:499)
	at java.util.stream.AbstractPipeline.copyInto(AbstractPipeline.java:486)
	at java.util.stream.AbstractPipeline.wrapAndCopyInto(AbstractPipeline.java:472)
	at java.util.stream.FindOps$FindOp.evaluateSequential(FindOps.java:152)
	at java.util.stream.AbstractPipeline.evaluate(AbstractPipeline.java:234)
	at java.util.stream.ReferencePipeline.findFirst(ReferencePipeline.java:464)
	at org.openqa.selenium.remote.ProtocolHandshake.createSession(ProtocolHandshake.java:128)
	at org.openqa.selenium.remote.ProtocolHandshake.createSession(ProtocolHandshake.java:74)
	at org.openqa.selenium.remote.HttpCommandExecutor.execute(HttpCommandExecutor.java:136)
	at org.openqa.selenium.remote.service.DriverCommandExecutor.execute(DriverCommandExecutor.java:83)
	at org.openqa.selenium.remote.RemoteWebDriver.execute(RemoteWebDriver.java:552)
	at org.openqa.selenium.remote.RemoteWebDriver.startSession(RemoteWebDriver.java:213)
	at org.openqa.selenium.remote.RemoteWebDriver.<init>(RemoteWebDriver.java:131)
	at org.openqa.selenium.chrome.ChromeDriver.<init>(ChromeDriver.java:181)
	at org.openqa.selenium.chrome.ChromeDriver.<init>(ChromeDriver.java:168)
	at org.openqa.selenium.chrome.ChromeDriver.<init>(ChromeDriver.java:157)
	at com.konex.commonUtils.BaseClass.configureBeforeClass(BaseClass.java:77)
	at sun.reflect.NativeMethodAccessorImpl.invoke0(Native Method)
	at sun.reflect.NativeMethodAccessorImpl.invoke(NativeMethodAccessorImpl.java:62)
	at sun.reflect.DelegatingMethodAccessorImpl.invoke(DelegatingMethodAccessorImpl.java:43)
	at java.lang.reflect.Method.invoke(Method.java:498)
	at org.testng.internal.MethodInvocationHelper.invokeMethod(MethodInvocationHelper.java:124)
	at org.testng.internal.MethodInvocationHelper.invokeMethodConsideringTimeout(MethodInvocationHelper.java:59)
	at org.testng.internal.Invoker.invokeConfigurationMethod(Invoker.java:458)
	at org.testng.internal.Invoker.invokeConfigurations(Invoker.java:222)
	at org.testng.internal.Invoker.invokeConfigurations(Invoker.java:142)
	at org.testng.internal.TestMethodWorker.invokeBeforeClassMethods(TestMethodWorker.java:168)
	at org.testng.internal.TestMethodWorker.run(TestMethodWorker.java:105)
	at java.util.concurrent.ThreadPoolExecutor.runWorker(ThreadPoolExecutor.java:1149)
	at java.util.concurrent.ThreadPoolExecutor$Worker.run(ThreadPoolExecutor.java:624)
	at java.lang.Thread.run(Thread.java:748)
]]></failure>
  </testcase>
  <testcase name="configureBeforeMethod" classname="com.konexPos.customersTest.BarCodeScantest" time="0">
    <skipped/>
  </testcase>
  <testcase name="barCodeScan" classname="com.konexPos.customersTest.BarCodeScantest" time="0">
    <skipped/>
  </testcase>
  <testcase name="ConfigureAfterMethod" classname="com.konexPos.customersTest.BarCodeScantest" time="0">
    <skipped/>
  </testcase>
  <testcase name="configAfterClass" classname="com.konexPos.customersTest.BarCodeScantest" time="0">
    <skipped/>
  </testcase>
</testsuite>